<?xml version="1.0" encoding="UTF-8"?>
<!-- Generated by org.testng.reporters.JUnitReportReporter -->
<testsuite skipped="1" hostname="DESKTOP-OMMHC59" name="Basics.FileUploadEx1" tests="2" failures="0" timestamp="2021-03-30T09:01:37 IST" time="16.373" errors="0">
  <testcase name="FileUpload1" time="16.373" classname="Basics.FileUploadEx1"/>
  <system-out/>
  <testcase name="FileUpload" classname="Basics.FileUploadEx1">
    <skipped/>
  </testcase> <!-- FileUpload -->
  <system-out/>
</testsuite> <!-- Basics.FileUploadEx1 -->
