<?xml version="1.0" encoding="UTF-8"?>
<!-- Generated by org.testng.reporters.JUnitReportReporter -->
<testsuite skipped="0" hostname="DESKTOP-OMMHC59" name="Basics.ExplicitWait" tests="1" failures="0" timestamp="2021-03-22T09:20:36 IST" time="14.318" errors="0">
  <testcase name="explictwait" time="14.318" classname="Basics.ExplicitWait"/>
  <system-out/>
</testsuite> <!-- Basics.ExplicitWait -->
