<?xml version="1.0" encoding="UTF-8"?>
<!-- Generated by org.testng.reporters.JUnitReportReporter -->
<testsuite skipped="0" hostname="DESKTOP-OMMHC59" name="Basics.DimentionsEx" tests="1" failures="0" timestamp="2021-03-31T09:21:23 IST" time="13.340" errors="0">
  <testcase name="dimentions" time="13.340" classname="Basics.DimentionsEx"/>
  <system-out/>
</testsuite> <!-- Basics.DimentionsEx -->
