<?xml version="1.0" encoding="UTF-8"?>
<!-- Generated by org.testng.reporters.JUnitReportReporter -->
<testsuite skipped="0" hostname="DESKTOP-OMMHC59" name="Basics.WebTableEx" tests="1" failures="0" timestamp="2021-03-22T09:00:44 IST" time="13.700" errors="0">
  <testcase name="webtable" time="13.700" classname="Basics.WebTableEx"/>
  <system-out/>
</testsuite> <!-- Basics.WebTableEx -->
