<?xml version="1.0" encoding="UTF-8"?>
<!-- Generated by org.testng.reporters.JUnitReportReporter -->
<testsuite skipped="0" hostname="DESKTOP-OMMHC59" name="Basics.NotepadEx" tests="1" failures="0" timestamp="2021-03-30T08:31:57 IST" time="18.234" errors="0">
  <testcase name="Notepad" time="18.234" classname="Basics.NotepadEx"/>
  <system-out/>
</testsuite> <!-- Basics.NotepadEx -->
