<?xml version="1.0" encoding="UTF-8"?>
<!-- Generated by org.testng.reporters.JUnitReportReporter -->
<testsuite skipped="0" hostname="DESKTOP-OMMHC59" name="Basics.AlertsEx" tests="1" failures="0" timestamp="2021-03-25T08:46:20 IST" time="14.431" errors="0">
  <testcase name="alerts" time="14.431" classname="Basics.AlertsEx"/>
  <system-out/>
</testsuite> <!-- Basics.AlertsEx -->
