<?xml version="1.0" encoding="UTF-8"?>
<!-- Generated by org.testng.reporters.JUnitReportReporter -->
<testsuite skipped="0" hostname="DESKTOP-OMMHC59" name="Basics.HeadlessExecEx" tests="2" failures="0" timestamp="2021-03-31T08:22:40 IST" time="16.498" errors="0">
  <testcase name="headless" time="3.590" classname="Basics.HeadlessExecEx"/>
  <system-out/>
  <testcase name="firefoxheadless" time="12.908" classname="Basics.HeadlessExecEx"/>
  <system-out/>
</testsuite> <!-- Basics.HeadlessExecEx -->
