<?xml version="1.0" encoding="UTF-8"?>
<!-- Generated by org.testng.reporters.JUnitReportReporter -->
<testsuite skipped="1" hostname="DESKTOP-OMMHC59" name="Basics.PropertiesEx" tests="2" failures="0" timestamp="2021-03-31T08:48:58 IST" time="0.035" errors="0">
  <testcase name="readprop" time="0.035" classname="Basics.PropertiesEx"/>
  <system-out/>
  <testcase name="properties" classname="Basics.PropertiesEx">
    <skipped/>
  </testcase> <!-- properties -->
  <system-out/>
</testsuite> <!-- Basics.PropertiesEx -->
