<?xml version="1.0" encoding="UTF-8"?>
<!-- Generated by org.testng.reporters.JUnitReportReporter -->
<testsuite skipped="0" hostname="DESKTOP-OMMHC59" name="Framework.BaseClass" tests="1" failures="0" timestamp="2021-03-31T09:43:36 IST" time="12.306" errors="0">
  <testcase name="login" time="12.306" classname="Framework.BaseClass"/>
  <system-out/>
</testsuite> <!-- Framework.BaseClass -->
