<?xml version="1.0" encoding="UTF-8"?>
<!-- Generated by org.testng.reporters.JUnitReportReporter -->
<testsuite skipped="3" hostname="DESKTOP-OMMHC59" name="Basics.LaunchBrowser" tests="4" failures="0" timestamp="2021-03-22T08:39:23 IST" time="17.956" errors="0">
  <testcase name="radiobutton" time="17.956" classname="Basics.LaunchBrowser"/>
  <system-out/>
  <testcase name="dropdown" classname="Basics.LaunchBrowser">
    <skipped/>
  </testcase> <!-- dropdown -->
  <system-out/>
  <testcase name="launchBrowser" classname="Basics.LaunchBrowser">
    <skipped/>
  </testcase> <!-- launchBrowser -->
  <system-out/>
  <testcase name="radiogroup" classname="Basics.LaunchBrowser">
    <skipped/>
  </testcase> <!-- radiogroup -->
  <system-out/>
</testsuite> <!-- Basics.LaunchBrowser -->
