<?xml version="1.0" encoding="UTF-8"?>
<!-- Generated by org.testng.reporters.JUnitReportReporter -->
<testsuite skipped="0" hostname="DESKTOP-OMMHC59" name="Basics.NavigationMethods" tests="1" failures="0" timestamp="2021-03-25T09:19:13 IST" time="25.746" errors="0">
  <testcase name="navigation" time="25.746" classname="Basics.NavigationMethods"/>
  <system-out/>
</testsuite> <!-- Basics.NavigationMethods -->
