<?xml version="1.0" encoding="UTF-8"?>
<!-- Generated by org.testng.reporters.JUnitReportReporter -->
<testsuite skipped="5" hostname="DESKTOP-OMMHC59" name="Basics.ActionsEx" tests="6" failures="0" timestamp="2021-03-29T08:19:34 IST" time="16.321" errors="0">
  <testcase name="ActionsClickAndHold" time="16.321" classname="Basics.ActionsEx"/>
  <system-out/>
  <testcase name="Actions" classname="Basics.ActionsEx">
    <skipped/>
  </testcase> <!-- Actions -->
  <system-out/>
  <testcase name="ActionsKeysEx" classname="Basics.ActionsEx">
    <skipped/>
  </testcase> <!-- ActionsKeysEx -->
  <system-out/>
  <testcase name="ActionsDragAndDropBy" classname="Basics.ActionsEx">
    <skipped/>
  </testcase> <!-- ActionsDragAndDropBy -->
  <system-out/>
  <testcase name="ActionsInnerMenus" classname="Basics.ActionsEx">
    <skipped/>
  </testcase> <!-- ActionsInnerMenus -->
  <system-out/>
  <testcase name="ActionsDragAndDrop" classname="Basics.ActionsEx">
    <skipped/>
  </testcase> <!-- ActionsDragAndDrop -->
  <system-out/>
</testsuite> <!-- Basics.ActionsEx -->
