<?xml version="1.0" encoding="UTF-8"?>
<!-- Generated by org.testng.reporters.JUnitReportReporter -->
<testsuite skipped="1" hostname="DESKTOP-OMMHC59" name="Basics.FileUploadEx" tests="2" failures="0" timestamp="2021-03-31T08:12:20 IST" time="17.473" errors="0">
  <testcase name="fileupload" time="17.473" classname="Basics.FileUploadEx"/>
  <system-out/>
  <testcase name="fileupload1" classname="Basics.FileUploadEx">
    <skipped/>
  </testcase> <!-- fileupload1 -->
  <system-out/>
</testsuite> <!-- Basics.FileUploadEx -->
