<?xml version="1.0" encoding="UTF-8"?>
<!-- Generated by org.testng.reporters.JUnitReportReporter -->
<testsuite skipped="0" hostname="DESKTOP-OMMHC59" name="Basics.DOMEx" tests="1" failures="0" timestamp="2021-03-29T08:39:42 IST" time="13.747" errors="0">
  <testcase name="DOM" time="13.747" classname="Basics.DOMEx"/>
  <system-out/>
</testsuite> <!-- Basics.DOMEx -->
