<?xml version="1.0" encoding="UTF-8"?>
<!-- Generated by org.testng.reporters.JUnitReportReporter -->
<testsuite skipped="1" hostname="DESKTOP-OMMHC59" name="Basics.WindowsEx" tests="2" failures="0" timestamp="2021-03-26T09:01:27 IST" time="65.010" errors="0">
  <testcase name="windowsIrctc" time="65.010" classname="Basics.WindowsEx"/>
  <system-out/>
  <testcase name="windows" classname="Basics.WindowsEx">
    <skipped/>
  </testcase> <!-- windows -->
  <system-out/>
</testsuite> <!-- Basics.WindowsEx -->
