<?xml version="1.0" encoding="UTF-8"?>
<!-- Generated by org.testng.reporters.JUnitReportReporter -->
<testsuite skipped="0" hostname="DESKTOP-OMMHC59" name="Basics.FilesEx" tests="1" failures="0" timestamp="2021-03-31T09:03:55 IST" time="0.022" errors="0">
  <testcase name="file" time="0.022" classname="Basics.FilesEx"/>
  <system-out/>
</testsuite> <!-- Basics.FilesEx -->
