<?xml version="1.0" encoding="UTF-8"?>
<!-- Generated by org.testng.reporters.JUnitReportReporter -->
<testsuite skipped="0" hostname="DESKTOP-OMMHC59" name="Basics.ScrollingEx" tests="1" failures="0" timestamp="2021-03-26T09:11:56 IST" time="31.612" errors="0">
  <testcase name="scroling" time="31.612" classname="Basics.ScrollingEx"/>
  <system-out/>
</testsuite> <!-- Basics.ScrollingEx -->
