<?xml version="1.0" encoding="UTF-8"?>
<!-- Generated by org.testng.reporters.JUnitReportReporter -->
<testsuite skipped="2" hostname="DESKTOP-OMMHC59" name="Basics.FramesEx1" tests="3" failures="0" timestamp="2021-03-23T09:33:13 IST" time="11.938" errors="0">
  <testcase name="Frames3" time="11.938" classname="Basics.FramesEx1"/>
  <system-out/>
  <testcase name="Frames2" classname="Basics.FramesEx1">
    <skipped/>
  </testcase> <!-- Frames2 -->
  <system-out/>
  <testcase name="Frames1" classname="Basics.FramesEx1">
    <skipped/>
  </testcase> <!-- Frames1 -->
  <system-out/>
</testsuite> <!-- Basics.FramesEx1 -->
